<?xml version="1.0" encoding="UTF-8"?>
<!-- Generated by org.testng.reporters.JUnitReportReporter -->
<testsuite hostname="DIN82001000" failures="0" tests="1" name="runner.RunnerforEbay" time="20.827" errors="0" timestamp="2021-09-22T17:42:34 IST" skipped="0">
  <testcase classname="runner.RunnerforEbay" name="runScenario" time="20.827"/>
  <system-out/>
</testsuite> <!-- runner.RunnerforEbay -->
