<?xml version="1.0" encoding="UTF-8"?>
<!-- Generated by org.testng.reporters.JUnitReportReporter -->
<testsuite hostname="DIN82001000" failures="0" tests="4" name="com.runner.RunnerforLogin" time="36.426" errors="0" timestamp="2021-09-23T13:49:49 IST" skipped="0">
  <testcase classname="com.runner.RunnerforLogin" name="runScenario" time="6.139"/>
  <system-out/>
  <testcase classname="com.runner.RunnerforLogin" name="runScenario" time="10.739"/>
  <system-out/>
  <testcase classname="com.runner.RunnerforLogin" name="runScenario" time="10.061"/>
  <system-out/>
  <testcase classname="com.runner.RunnerforLogin" name="runScenario" time="9.487"/>
  <system-out/>
</testsuite> <!-- com.runner.RunnerforLogin -->
